<?xml version="1.0" encoding="UTF-8"?>
<testsuite xmlns:xsi="http://www.w3.org/2001/XMLSchema-instance" xsi:noNamespaceSchemaLocation="https://maven.apache.org/surefire/maven-surefire-plugin/xsd/surefire-test-report.xsd" name="il.cshaifasweng.server.AppTest" time="0.038" tests="1" errors="0" skipped="0" failures="0">
  <properties>
    <property name="java.specification.version" value="23"/>
    <property name="sun.jnu.encoding" value="UTF-8"/>
    <property name="java.class.path" value="/Users/nasemsawaid/Desktop/working_kitchen/server/target/test-classes:/Users/nasemsawaid/Desktop/working_kitchen/server/target/classes:/Users/nasemsawaid/.m2/repository/junit/junit/4.13.1/junit-4.13.1.jar:/Users/nasemsawaid/.m2/repository/org/hamcrest/hamcrest-core/1.3/hamcrest-core-1.3.jar:/Users/nasemsawaid/.m2/repository/il/cshaifasweng/OCSFMediatorExample/entities/0.0.1-SNAPSHOT/entities-0.0.1-SNAPSHOT.jar:/Users/nasemsawaid/.m2/repository/mysql/mysql-connector-java/8.0.19/mysql-connector-java-8.0.19.jar:/Users/nasemsawaid/.m2/repository/com/google/protobuf/protobuf-java/3.6.1/protobuf-java-3.6.1.jar:/Users/nasemsawaid/.m2/repository/org/hibernate/hibernate-core/5.4.12.Final/hibernate-core-5.4.12.Final.jar:/Users/nasemsawaid/.m2/repository/org/jboss/logging/jboss-logging/3.3.2.Final/jboss-logging-3.3.2.Final.jar:/Users/nasemsawaid/.m2/repository/javax/persistence/javax.persistence-api/2.2/javax.persistence-api-2.2.jar:/Users/nasemsawaid/.m2/repository/net/bytebuddy/byte-buddy/1.10.7/byte-buddy-1.10.7.jar:/Users/nasemsawaid/.m2/repository/antlr/antlr/2.7.7/antlr-2.7.7.jar:/Users/nasemsawaid/.m2/repository/org/jboss/spec/javax/transaction/jboss-transaction-api_1.2_spec/1.1.1.Final/jboss-transaction-api_1.2_spec-1.1.1.Final.jar:/Users/nasemsawaid/.m2/repository/org/jboss/jandex/2.1.1.Final/jandex-2.1.1.Final.jar:/Users/nasemsawaid/.m2/repository/com/fasterxml/classmate/1.5.1/classmate-1.5.1.jar:/Users/nasemsawaid/.m2/repository/javax/activation/javax.activation-api/1.2.0/javax.activation-api-1.2.0.jar:/Users/nasemsawaid/.m2/repository/org/dom4j/dom4j/2.1.1/dom4j-2.1.1.jar:/Users/nasemsawaid/.m2/repository/org/hibernate/common/hibernate-commons-annotations/5.1.0.Final/hibernate-commons-annotations-5.1.0.Final.jar:/Users/nasemsawaid/.m2/repository/javax/xml/bind/jaxb-api/2.3.1/jaxb-api-2.3.1.jar:/Users/nasemsawaid/.m2/repository/org/glassfish/jaxb/jaxb-runtime/2.3.1/jaxb-runtime-2.3.1.jar:/Users/nasemsawaid/.m2/repository/org/glassfish/jaxb/txw2/2.3.1/txw2-2.3.1.jar:/Users/nasemsawaid/.m2/repository/com/sun/istack/istack-commons-runtime/3.0.7/istack-commons-runtime-3.0.7.jar:/Users/nasemsawaid/.m2/repository/org/jvnet/staxex/stax-ex/1.8/stax-ex-1.8.jar:/Users/nasemsawaid/.m2/repository/com/sun/xml/fastinfoset/FastInfoset/1.2.15/FastInfoset-1.2.15.jar:/Users/nasemsawaid/.m2/repository/org/javassist/javassist/3.24.0-GA/javassist-3.24.0-GA.jar:"/>
    <property name="java.vm.vendor" value="Oracle Corporation"/>
    <property name="sun.arch.data.model" value="64"/>
    <property name="java.vendor.url" value="https://java.oracle.com/"/>
    <property name="os.name" value="Mac OS X"/>
    <property name="java.vm.specification.version" value="23"/>
    <property name="sun.java.launcher" value="SUN_STANDARD"/>
    <property name="user.country" value="IL"/>
    <property name="sun.boot.library.path" value="/Users/nasemsawaid/Library/Java/JavaVirtualMachines/openjdk-23.0.2/Contents/Home/lib"/>
    <property name="sun.java.command" value="/Users/nasemsawaid/Desktop/working_kitchen/server/target/surefire/surefirebooter9454795011422400781.jar /Users/nasemsawaid/Desktop/working_kitchen/server/target/surefire 2025-04-07T10-19-59_163-jvmRun1 surefire8339821082018405181tmp surefire_0383042116785597971tmp"/>
    <property name="http.nonProxyHosts" value="local|*.local|169.254/16|*.169.254/16"/>
    <property name="jdk.debug" value="release"/>
    <property name="surefire.test.class.path" value="/Users/nasemsawaid/Desktop/working_kitchen/server/target/test-classes:/Users/nasemsawaid/Desktop/working_kitchen/server/target/classes:/Users/nasemsawaid/.m2/repository/junit/junit/4.13.1/junit-4.13.1.jar:/Users/nasemsawaid/.m2/repository/org/hamcrest/hamcrest-core/1.3/hamcrest-core-1.3.jar:/Users/nasemsawaid/.m2/repository/il/cshaifasweng/OCSFMediatorExample/entities/0.0.1-SNAPSHOT/entities-0.0.1-SNAPSHOT.jar:/Users/nasemsawaid/.m2/repository/mysql/mysql-connector-java/8.0.19/mysql-connector-java-8.0.19.jar:/Users/nasemsawaid/.m2/repository/com/google/protobuf/protobuf-java/3.6.1/protobuf-java-3.6.1.jar:/Users/nasemsawaid/.m2/repository/org/hibernate/hibernate-core/5.4.12.Final/hibernate-core-5.4.12.Final.jar:/Users/nasemsawaid/.m2/repository/org/jboss/logging/jboss-logging/3.3.2.Final/jboss-logging-3.3.2.Final.jar:/Users/nasemsawaid/.m2/repository/javax/persistence/javax.persistence-api/2.2/javax.persistence-api-2.2.jar:/Users/nasemsawaid/.m2/repository/net/bytebuddy/byte-buddy/1.10.7/byte-buddy-1.10.7.jar:/Users/nasemsawaid/.m2/repository/antlr/antlr/2.7.7/antlr-2.7.7.jar:/Users/nasemsawaid/.m2/repository/org/jboss/spec/javax/transaction/jboss-transaction-api_1.2_spec/1.1.1.Final/jboss-transaction-api_1.2_spec-1.1.1.Final.jar:/Users/nasemsawaid/.m2/repository/org/jboss/jandex/2.1.1.Final/jandex-2.1.1.Final.jar:/Users/nasemsawaid/.m2/repository/com/fasterxml/classmate/1.5.1/classmate-1.5.1.jar:/Users/nasemsawaid/.m2/repository/javax/activation/javax.activation-api/1.2.0/javax.activation-api-1.2.0.jar:/Users/nasemsawaid/.m2/repository/org/dom4j/dom4j/2.1.1/dom4j-2.1.1.jar:/Users/nasemsawaid/.m2/repository/org/hibernate/common/hibernate-commons-annotations/5.1.0.Final/hibernate-commons-annotations-5.1.0.Final.jar:/Users/nasemsawaid/.m2/repository/javax/xml/bind/jaxb-api/2.3.1/jaxb-api-2.3.1.jar:/Users/nasemsawaid/.m2/repository/org/glassfish/jaxb/jaxb-runtime/2.3.1/jaxb-runtime-2.3.1.jar:/Users/nasemsawaid/.m2/repository/org/glassfish/jaxb/txw2/2.3.1/txw2-2.3.1.jar:/Users/nasemsawaid/.m2/repository/com/sun/istack/istack-commons-runtime/3.0.7/istack-commons-runtime-3.0.7.jar:/Users/nasemsawaid/.m2/repository/org/jvnet/staxex/stax-ex/1.8/stax-ex-1.8.jar:/Users/nasemsawaid/.m2/repository/com/sun/xml/fastinfoset/FastInfoset/1.2.15/FastInfoset-1.2.15.jar:/Users/nasemsawaid/.m2/repository/org/javassist/javassist/3.24.0-GA/javassist-3.24.0-GA.jar:"/>
    <property name="sun.cpu.endian" value="little"/>
    <property name="user.home" value="/Users/nasemsawaid"/>
    <property name="user.language" value="en"/>
    <property name="java.specification.vendor" value="Oracle Corporation"/>
    <property name="java.version.date" value="2025-01-21"/>
    <property name="java.home" value="/Users/nasemsawaid/Library/Java/JavaVirtualMachines/openjdk-23.0.2/Contents/Home"/>
    <property name="file.separator" value="/"/>
    <property name="basedir" value="/Users/nasemsawaid/Desktop/working_kitchen/server"/>
    <property name="java.vm.compressedOopsMode" value="Zero based"/>
    <property name="line.separator" value="&#10;"/>
    <property name="java.vm.specification.vendor" value="Oracle Corporation"/>
    <property name="java.specification.name" value="Java Platform API Specification"/>
    <property name="apple.awt.application.name" value="ForkedBooter"/>
    <property name="surefire.real.class.path" value="/Users/nasemsawaid/Desktop/working_kitchen/server/target/surefire/surefirebooter9454795011422400781.jar"/>
    <property name="sun.management.compiler" value="HotSpot 64-Bit Tiered Compilers"/>
    <property name="ftp.nonProxyHosts" value="local|*.local|169.254/16|*.169.254/16"/>
    <property name="java.runtime.version" value="23.0.2+7-58"/>
    <property name="user.name" value="nasemsawaid"/>
    <property name="stdout.encoding" value="UTF-8"/>
    <property name="path.separator" value=":"/>
    <property name="os.version" value="15.4"/>
    <property name="java.runtime.name" value="OpenJDK Runtime Environment"/>
    <property name="file.encoding" value="UTF-8"/>
    <property name="java.vm.name" value="OpenJDK 64-Bit Server VM"/>
    <property name="localRepository" value="/Users/nasemsawaid/.m2/repository"/>
    <property name="java.vendor.url.bug" value="https://bugreport.java.com/bugreport/"/>
    <property name="java.io.tmpdir" value="/var/folders/nh/jl3rv0kj65g5hn3_tt_m5t640000gn/T/"/>
    <property name="idea.version" value="2024.3.5"/>
    <property name="java.version" value="23.0.2"/>
    <property name="user.dir" value="/Users/nasemsawaid/Desktop/working_kitchen/server"/>
    <property name="os.arch" value="x86_64"/>
    <property name="java.vm.specification.name" value="Java Virtual Machine Specification"/>
    <property name="native.encoding" value="UTF-8"/>
    <property name="java.library.path" value="/Users/nasemsawaid/Library/Java/Extensions:/Library/Java/Extensions:/Network/Library/Java/Extensions:/System/Library/Java/Extensions:/usr/lib/java:."/>
    <property name="java.vm.info" value="mixed mode, sharing"/>
    <property name="stderr.encoding" value="UTF-8"/>
    <property name="java.vendor" value="Oracle Corporation"/>
    <property name="java.vm.version" value="23.0.2+7-58"/>
    <property name="sun.io.unicode.encoding" value="UnicodeBig"/>
    <property name="socksNonProxyHosts" value="local|*.local|169.254/16|*.169.254/16"/>
    <property name="java.class.version" value="67.0"/>
  </properties>
  <testcase name="shouldAnswerWithTrue" classname="il.cshaifasweng.server.AppTest" time="0.002"/>
</testsuite>